
[21:10:45.671] ===== Showing Step 0 =====
  Title: Welcome to Subtitle Tool!
  Widget from step.get('widget'): None
  Widget type: None

[21:10:50.574] ===== Showing Step 1 =====
  Title: Target Folders
  Widget from step.get('widget'): <PyQt6.QtWidgets.QListWidget object at 0x000002D584C39BD0>
  Widget type: None

[21:14:34.935] ===== Showing Step 0 =====
  Title: Welcome to Subtitle Tool!
  Widget from step.get('widget'): None
  Widget type: None

[21:14:36.310] ===== Showing Step 1 =====
  Title: Target Folders
  Widget from step.get('widget'): <PyQt6.QtWidgets.QListWidget object at 0x000001F15011F4D0>
  Widget type: None

[21:16:35.343] ===== Showing Step 0 =====
  Title: Welcome to Subtitle Tool!
  Widget from step.get('widget'): None
  Widget type: None

[21:16:36.843] ===== Showing Step 1 =====
  Title: Target Folders
  Widget from step.get('widget'): <PyQt6.QtWidgets.QListWidget object at 0x000001EE892CF4D0>
  Widget type: None

[21:16:41.678] ===== Showing Step 2 =====
  Title: Target Video Files
  Widget from step.get('widget'): <__main__.DragDropPathListWidget object at 0x000001EE892CF930>
  Widget type: None

[21:16:46.841] ===== Showing Step 3 =====
  Title: Manual Subtitle Assignment
  Widget from step.get('widget'): <__main__.DragDropPathListWidget object at 0x000001EE892CFE30>
  Widget type: None

[21:16:58.982] ===== Showing Step 4 =====
  Title: Processing Options
  Widget from step.get('widget'): <PyQt6.QtWidgets.QCheckBox object at 0x000001EE8A298370>
  Widget type: QCheckBox
  Widget isVisible: True
  Widget geometry: PyQt6.QtCore.QRect(10, 30, 928, 20)

[21:17:02.715] ===== Showing Step 5 =====
  Title: Scan Videos
  Widget from step.get('widget'): <PyQt6.QtWidgets.QPushButton object at 0x000001EE8A298CD0>
  Widget type: QPushButton
  Widget isVisible: True
  Widget geometry: PyQt6.QtCore.QRect(9, 877, 233, 28)

[21:17:09.044] ===== Showing Step 6 =====
  Title: Remove Embedded Subtitles
  Widget from step.get('widget'): <PyQt6.QtWidgets.QPushButton object at 0x000001EE8A298D70>
  Widget type: QPushButton
  Widget isVisible: True
  Widget geometry: PyQt6.QtCore.QRect(248, 877, 232, 28)

[21:17:29.296] ===== Showing Step 7 =====
  Title: Include Subtitles Back In
  Widget from step.get('widget'): <PyQt6.QtWidgets.QPushButton object at 0x000001EE8A298E10>
  Widget type: QPushButton
  Widget isVisible: True
  Widget geometry: PyQt6.QtCore.QRect(486, 877, 233, 28)

[21:17:40.892] ===== Showing Step 8 =====
  Title: Extract Embedded Subtitles
  Widget from step.get('widget'): <PyQt6.QtWidgets.QPushButton object at 0x000001EE8A298EB0>
  Widget type: QPushButton
  Widget isVisible: True
  Widget geometry: PyQt6.QtCore.QRect(725, 877, 232, 28)

[21:17:48.293] ===== Showing Step 9 =====
  Title: Help & Tutorial
  Widget from step.get('widget'): <PyQt6.QtWidgets.QPushButton object at 0x000001EE8A299090>
  Widget type: QPushButton
  Widget isVisible: True
  Widget geometry: PyQt6.QtCore.QRect(158, 911, 90, 28)

[21:17:55.686] ===== Showing Step 8 =====
  Title: Extract Embedded Subtitles
  Widget from step.get('widget'): <PyQt6.QtWidgets.QPushButton object at 0x000001EE8A298EB0>
  Widget type: QPushButton
  Widget isVisible: True
  Widget geometry: PyQt6.QtCore.QRect(725, 877, 232, 28)

[21:17:56.586] ===== Showing Step 9 =====
  Title: Help & Tutorial
  Widget from step.get('widget'): <PyQt6.QtWidgets.QPushButton object at 0x000001EE8A299090>
  Widget type: QPushButton
  Widget isVisible: True
  Widget geometry: PyQt6.QtCore.QRect(158, 911, 90, 28)

[21:17:58.715] ===== Showing Step 10 =====
  Title: Activity Log
  Widget from step.get('widget'): <PyQt6.QtWidgets.QTextEdit object at 0x000001EE8A299450>
  Widget type: QTextEdit
  Widget isVisible: True
  Widget geometry: PyQt6.QtCore.QRect(9, 999, 948, 150)

[21:18:04.184] ===== Showing Step 11 =====
  Title: Tutorial Complete!
  Widget from step.get('widget'): None
  Widget type: None

[22:49:02.528] ===== Showing Step 0 =====
  Title: Welcome to Subtitle Tool!
  Widget from step.get('widget'): None
  Widget type: None

[22:49:05.032] ===== Showing Step 1 =====
  Title: Target Folders
  Widget from step.get('widget'): <PyQt6.QtWidgets.QListWidget object at 0x0000023C50DB2490>
  Widget type: None

[22:49:06.037] ===== Showing Step 2 =====
  Title: Target Video Files
  Widget from step.get('widget'): <__main__.DragDropPathListWidget object at 0x0000023C50DB28F0>
  Widget type: None

[22:49:08.114] ===== Showing Step 3 =====
  Title: Manual Subtitle Assignment
  Widget from step.get('widget'): <__main__.DragDropPathListWidget object at 0x0000023C50DB2DF0>
  Widget type: None

[22:49:10.972] ===== Showing Step 4 =====
  Title: Processing Options
  Widget from step.get('widget'): <PyQt6.QtWidgets.QCheckBox object at 0x0000023C50DB32F0>
  Widget type: QCheckBox
  Widget isVisible: True
  Widget geometry: PyQt6.QtCore.QRect(10, 30, 928, 20)

[22:49:12.059] ===== Showing Step 5 =====
  Title: Scan Videos
  Widget from step.get('widget'): <PyQt6.QtWidgets.QPushButton object at 0x0000023C51BF84B0>
  Widget type: QPushButton
  Widget isVisible: True
  Widget geometry: PyQt6.QtCore.QRect(9, 913, 233, 28)

[22:49:13.674] ===== Showing Step 6 =====
  Title: Remove Embedded Subtitles
  Widget from step.get('widget'): <PyQt6.QtWidgets.QPushButton object at 0x0000023C51BF8550>
  Widget type: QPushButton
  Widget isVisible: True
  Widget geometry: PyQt6.QtCore.QRect(248, 913, 232, 28)

[22:49:14.263] ===== Showing Step 7 =====
  Title: Include Subtitles Back In
  Widget from step.get('widget'): <PyQt6.QtWidgets.QPushButton object at 0x0000023C51BF85F0>
  Widget type: QPushButton
  Widget isVisible: True
  Widget geometry: PyQt6.QtCore.QRect(486, 913, 233, 28)

[22:49:15.554] ===== Showing Step 8 =====
  Title: Extract Embedded Subtitles
  Widget from step.get('widget'): <PyQt6.QtWidgets.QPushButton object at 0x0000023C51BF8690>
  Widget type: QPushButton
  Widget isVisible: True
  Widget geometry: PyQt6.QtCore.QRect(725, 913, 232, 28)

[22:49:16.800] ===== Showing Step 10 =====
  Title: Convert to MKV/MP4
  Widget from step.get('widget'): <PyQt6.QtWidgets.QPushButton object at 0x0000023C51BF8190>
  Widget type: QPushButton
  Widget isVisible: True
  Widget geometry: PyQt6.QtCore.QRect(10, 56, 228, 28)

[22:49:20.600] ===== Showing Step 11 =====
  Title: Organize Media
  Widget from step.get('widget'): <PyQt6.QtWidgets.QPushButton object at 0x0000023C51BF82D0>
  Widget type: QPushButton
  Widget isVisible: True
  Widget geometry: PyQt6.QtCore.QRect(477, 56, 228, 28)

[22:49:34.802] ===== Showing Step 12 =====
  Title: Repair Metadata
  Widget from step.get('widget'): <PyQt6.QtWidgets.QPushButton object at 0x0000023C51BF8370>
  Widget type: QPushButton
  Widget isVisible: True
  Widget geometry: PyQt6.QtCore.QRect(711, 56, 227, 28)

[22:49:47.729] ===== Showing Step 14 =====
  Title: Organization Options
  Widget from step.get('widget'): <PyQt6.QtWidgets.QCheckBox object at 0x0000023C50DB3ED0>
  Widget type: QCheckBox
  Widget isVisible: True
  Widget geometry: PyQt6.QtCore.QRect(10, 30, 112, 20)

[22:49:53.532] ===== Showing Step 15 =====
  Title: Help & Tutorial
  Widget from step.get('widget'): <PyQt6.QtWidgets.QPushButton object at 0x0000023C51BF8870>
  Widget type: QPushButton
  Widget isVisible: True
  Widget geometry: PyQt6.QtCore.QRect(158, 1047, 90, 28)

[22:49:56.071] ===== Showing Step 16 =====
  Title: Theme Toggle
  Widget from step.get('widget'): <PyQt6.QtWidgets.QPushButton object at 0x0000023C51BF87D0>
  Widget type: QPushButton
  Widget isVisible: True
  Widget geometry: PyQt6.QtCore.QRect(9, 1047, 143, 28)

[22:49:57.775] ===== Showing Step 17 =====
  Title: Show Tutorial Button
  Widget from step.get('widget'): <PyQt6.QtWidgets.QPushButton object at 0x0000023C51BF8910>
  Widget type: QPushButton
  Widget isVisible: True
  Widget geometry: PyQt6.QtCore.QRect(254, 1047, 105, 28)

[22:50:03.329] ===== Showing Step 18 =====
  Title: Error History
  Widget from step.get('widget'): <PyQt6.QtWidgets.QPushButton object at 0x0000023C51BF89B0>
  Widget type: QPushButton
  Widget isVisible: True
  Widget geometry: PyQt6.QtCore.QRect(365, 1047, 99, 28)

[22:50:05.022] ===== Showing Step 19 =====
  Title: Activity Log
  Widget from step.get('widget'): <PyQt6.QtWidgets.QTextEdit object at 0x0000023C51BF8CD0>
  Widget type: QTextEdit
  Widget isVisible: True
  Widget geometry: PyQt6.QtCore.QRect(9, 1135, 948, 150)

[22:50:06.707] ===== Showing Step 20 =====
  Title: Tutorial Complete!
  Widget from step.get('widget'): None
  Widget type: None
